1626691115245	mozrunner::runner	INFO	Running command: "C:\\Program Files\\Mozilla Firefox\\firefox.exe" "-marionette" "-foreground" "-no-remote" "-profile" "C:\\Users\\DCTHOF~1\\AppData\\Local\\Temp\\rust_mozprofileaelhTy"
JavaScript error: resource://gre/modules/XULStore.jsm, line 66: Error: Can't find profile directory.
1626691162174	Marionette	INFO	Listening on port 60217
1626691162570	Marionette	WARN	TLS certificate errors will be ignored for this session
1626691189450	Marionette	INFO	Stopped listening on port 60217

###!!! [Child][RunMessage] Error: Channel closing: too late to send/recv, messages will be lost

[Parent 12132, Gecko_IOThread] WARNING: pipe error: 232: file /builds/worker/checkouts/gecko/ipc/chromium/src/chrome/common/ipc_channel_win.cc, line 522
1626694087672	mozrunner::runner	INFO	Running command: "C:\\Program Files\\Mozilla Firefox\\firefox.exe" "-marionette" "-foreground" "-no-remote" "-profile" "C:\\Users\\DCTHOF~1\\AppData\\Local\\Temp\\rust_mozprofile33oyRg"
1626694306245	mozrunner::runner	INFO	Running command: "C:\\Program Files\\Mozilla Firefox\\firefox.exe" "-marionette" "-foreground" "-no-remote" "-profile" "C:\\Users\\DCTHOF~1\\AppData\\Local\\Temp\\rust_mozprofileh1lKHO"
1626694308522	Marionette	INFO	Marionette enabled
JavaScript error: resource://gre/modules/XULStore.jsm, line 66: Error: Can't find profile directory.
console.warn: SearchSettings: "get: No settings file exists, new profile?" (new NotFoundError("Could not open the file at C:\\Users\\dcthofic07\\AppData\\Local\\Temp\\rust_mozprofileh1lKHO\\search.json.mozlz4", (void 0)))
console.error: Region.jsm: "Error fetching region" (new AbortError("The operation was aborted. ", (void 0), 770))
console.error: Region.jsm: "Failed to fetch region" (new Error("NO_RESULT", "resource://gre/modules/Region.jsm", 419))
1626694320991	Marionette	INFO	Listening on port 53714
1626694322415	Marionette	WARN	TLS certificate errors will be ignored for this session
console.log: WebExtensions: reset-default-search: starting.
console.log: WebExtensions: reset-default-search: No addons in our list are installed.
1626694996143	Marionette	INFO	Stopped listening on port 53714
ilewq1G0U"
1626694381301	Marionette	INFO	Marionette enabled
JavaScript error: resource://gre/modules/XULStore.jsm, line 66: Error: Can't find profile directory.
console.warn: SearchSettings: "get: No settings file exists, new profile?" (new NotFoundError("Could not open the file at C:\\Users\\dcthofic07\\AppData\\Local\\Temp\\rust_mozprofilewq1G0U\\search.json.mozlz4", (void 0)))
[Parent 8584, IPC I/O console.error: Region.jsm: "Error fetching region" (new AbortError("The operation was aborted. ", (void 0), 770))
Parent] WARNING: file /builds/worker/checkouts/gecko/ipc/chromium/src/base/process_util_win.cc:167
console.error: Region.jsm: "Failed to fetch region" (new Error("NO_RESULT", "resource://gre/modules/Region.jsm", 419))
1626694393423	Marionette	INFO	Listening on port 59833
1626694393712	Marionette	WARN	TLS certificate errors will be ignored for this session
JavaScript warning: https://d235vmrai5heq2.cloudfront.net/js/default/review.js?v=V3.1.60075, line 33: unreachable code after return statement
JavaScript warning: https://d235vmrai5heq2.cloudfront.net/js/default/review.js?v=V3.1.60075, line 33: unreachable code after return statement
1626694405086	Marionette	WARN	TimedPromise timed out after 500 ms: stacktrace:
TimedPromise/<@chrome://marionette/content/sync.js:237:19
TimedPromise@chrome://marionette/content/sync.js:222:10
interaction.flushEventLoop@chrome://marionette/content/interaction.js:431:10
webdriverClickElement@chrome://marionette/content/interaction.js:179:31
1626694501644	Marionette	INFO	Stopped listening on port 59833
1626694519849	mozrunner::runner	INFO	Running command: "C:\\Program Files\\Mozilla Firefox\\firefox.exe" "-marionette" "-foreground" "-no-remote" "-profile" "C:\\Users\\DCTHOF~1\\AppData\\Local\\Temp\\rust_mozprofileWn70uO"
1626694523091	Marionette	INFO	Marionette enabled
JavaScript error: resource://gre/modules/XULStore.jsm, line 66: Error: Can't find profile directory.
console.warn: SearchSettings: "get: No settings file exists, new profile?" (new NotFoundError("Could not open the file at C:\\Users\\dcthofic07\\AppData\\Local\\Temp\\rust_mozprofileWn70uO\\search.json.mozlz4", (void 0)))
1626694532204	Marionette	INFO	Listening on port 59956
1626694532821	Marionette	WARN	TLS certificate errors will be ignored for this session
JavaScript warning: https://d235vmrai5heq2.cloudfront.net/js/default/review.js?v=V3.1.60075, line 33: unreachable code after return statement
JavaScript warning: https://d235vmrai5heq2.cloudfront.net/js/default/review.js?v=V3.1.60075, line 33: unreachable code after return statement
1626694544461	Marionette	WARN	TimedPromise timed out after 500 ms: stacktrace:
TimedPromise/<@chrome://marionette/content/sync.js:237:19
TimedPromise@chrome://marionette/content/sync.js:222:10
interaction.flushEventLoop@chrome://marionette/content/interaction.js:431:10
webdriverClickElement@chrome://marionette/content/interaction.js:179:31
JavaScript warning: https://d235vmrai5heq2.cloudfront.net/js/default/review.js?v=V3.1.60075, line 33: unreachable code after return statement
Unable to read VR Path Registry from C:\Users\dcthofic07\AppData\Local\openvr\openvrpaths.vrpath

###!!! [Parent][RunMessage] Error: Channel closing: too late to send/recv, messages will be lost

JavaScript warning: https://d235vmrai5heq2.cloudfront.net/js/default/review.js?v=V3.1.60075, line 33: unreachable code after return statement
JavaScript warning: https://d235vmrai5heq2.cloudfront.net/js/default/review.js?v=V3.1.60075, line 33: unreachable code after return statement
JavaScript error: resource://devtools/client/inspector/rules/utils/utils.js, line 192: TypeError: rule is undefined
JavaScript error: resource://devtools/client/inspector/rules/utils/utils.js, line 192: TypeError: rule is undefined
JavaScript error: resource://devtools/client/inspector/rules/utils/utils.js, line 192: TypeError: rule is undefined
1626694995833	Marionette	INFO	Stopped listening on port 59956
ram Files\\Mozilla Firefox\\firefox.exe" "-marionette" "-foreground" "-no-remote" "-profile" "C:\\Users\\DCTHOF~1\\AppData\\Local\\Temp\\rust_mozprofileHkDtRA"
1626694726519	Marionette	INFO	Marionette enabled
JavaScript error: resource://gre/modules/XULStore.jsm, line 66: Error: Can't find profile directory.
console.warn: SearchSettings: "get: No settings file exists, new profile?" (new NotFoundError("Could not open the file at C:\\Users\\dcthofic07\\AppData\\Local\\Temp\\rust_mozprofileHkDtRA\\search.json.mozlz4", (void 0)))
1626694738512	Marionette	INFO	Listening on port 57387
console.error: Region.jsm: "Error fetching region" (new Error("TIMEOUT", "resource://gre/modules/Region.jsm", 772))
console.error: Region.jsm: "Failed to fetch region" (new Error("TIMEOUT", "resource://gre/modules/Region.jsm", 419))
1626694739841	Marionette	WARN	TLS certificate errors will be ignored for this session
JavaScript warning: https://d235vmrai5heq2.cloudfront.net/js/default/review.js?v=V3.1.60075, line 33: unreachable code after return statement
JavaScript warning: https://d235vmrai5heq2.cloudfront.net/js/default/review.js?v=V3.1.60075, line 33: unreachable code after return statement
1626694992808	Marionette	INFO	Stopped listening on port 57387
ram Files\\Mozilla Firefox\\firefox.exe" "-marionette" "-foreground" "-no-remote" "-profile" "C:\\Users\\DCTHOF~1\\AppData\\Local\\Temp\\rust_mozprofileZVBbFJ"
1626694897450	Marionette	INFO	Marionette enabled
JavaScript error: resource://gre/modules/XULStore.jsm, line 66: Error: Can't find profile directory.
console.warn: SearchSettings: "get: No settings file exists, new profile?" (new NotFoundError("Could not open the file at C:\\Users\\dcthofic07\\AppData\\Local\\Temp\\rust_mozprofileZVBbFJ\\search.json.mozlz4", (void 0)))
console.error: "Could not write session state file " (new Error("_initWorker called too early! Please read the session file from disk first.", "resource:///modules/sessionstore/SessionFile.jsm", 375)) "_initWorker/<@resource:///modules/sessionstore/SessionFile.jsm:375:15\n_initWorker@resource:///modules/sessionstore/SessionFile.jsm:368:12\n_postToWorker@resource:///modules/sessionstore/SessionFile.jsm:410:16\nwrite@resource:///modules/sessionstore/SessionFile.jsm:448:24\nwrite@resource:///modules/sessionstore/SessionFile.jsm:75:32\n_writeState@resource:///modules/sessionstore/SessionSaver.jsm:367:24\n_saveState@resource:///modules/sessionstore/SessionSaver.jsm:301:17\n_saveStateAsync@resource:///modules/sessionstore/SessionSaver.jsm:351:10\nsaveStateAsyncWhenIdle@resource:///modules/sessionstore/SessionSaver.jsm:198:14\ncallback@resource://gre/modules/Timer.jsm:127:16\n"
1626694922075	Marionette	INFO	Listening on port 54277
1626694923434	Marionette	WARN	TLS certificate errors will be ignored for this session
JavaScript warning: https://d235vmrai5heq2.cloudfront.net/js/default/review.js?v=V3.1.60075, line 33: unreachable code after return statement
JavaScript warning: https://d235vmrai5heq2.cloudfront.net/js/default/review.js?v=V3.1.60075, line 33: unreachable code after return statement
1626694989159	Marionette	INFO	Stopped listening on port 54277
1626695153096	mozrunner::runner	INFO	Running command: "C:\\Program Files\\Mozilla Firefox\\firefox.exe" "-marionette" "-foreground" "-no-remote" "-profile" "C:\\Users\\DCTHOF~1\\AppData\\Local\\Temp\\rust_mozprofileoH50QP"
1626695157034	Marionette	INFO	Marionette enabled
JavaScript error: resource://gre/modules/XULStore.jsm, line 66: Error: Can't find profile directory.
console.warn: SearchSettings: "get: No settings file exists, new profile?" (new NotFoundError("Could not open the file at C:\\Users\\dcthofic07\\AppData\\Local\\Temp\\rust_mozprofileoH50QP\\search.json.mozlz4", (void 0)))
1626695165611	Marionette	INFO	Listening on port 52187
1626695165686	Marionette	WARN	TLS certificate errors will be ignored for this session
JavaScript warning: https://d235vmrai5heq2.cloudfront.net/js/default/review.js?v=V3.1.60075, line 33: unreachable code after return statement
JavaScript warning: https://d235vmrai5heq2.cloudfront.net/js/default/review.js?v=V3.1.60075, line 33: unreachable code after return statement
JavaScript error: resource://devtools/server/actors/network-monitor/network-event-actor.js, line 108: Error: Got a request https://maxcdn.bootstrapcdn.com/font-awesome/4.7.0/css/font-awesome.min.css without a browsingContextID set
JavaScript error: resource://devtools/server/actors/network-monitor/network-event-actor.js, line 108: Error: Got a request https://d235vmrai5heq2.cloudfront.net/fonts/fontawesome-free-5.11.1/css/all.min.css without a browsingContextID set
JavaScript error: resource://devtools/server/actors/network-monitor/network-event-actor.js, line 108: Error: Got a request https://d235vmrai5heq2.cloudfront.net/elements/bundles/Zenler/css/Zenler_skeleton.css?v=V3.1.60075 without a browsingContextID set
JavaScript error: resource://devtools/server/actors/network-monitor/network-event-actor.js, line 108: Error: Got a request https://d235vmrai5heq2.cloudfront.net/elements/bundles/Zenler/css/Zenler_blocks.css?v=V3.1.60075 without a browsingContextID set
JavaScript error: resource://devtools/server/actors/network-monitor/network-event-actor.js, line 108: Error: Got a request https://d235vmrai5heq2.cloudfront.net/css/community/icon.css without a browsingContextID set
JavaScript error: resource://devtools/server/actors/network-monitor/network-event-actor.js, line 108: Error: Got a request https://d235vmrai5heq2.cloudfront.net/elements/css/counteverest/counteverest.css without a browsingContextID set
JavaScript error: resource://devtools/server/actors/network-monitor/network-event-actor.js, line 108: Error: Got a request https://d235vmrai5heq2.cloudfront.net/css/manage-elements.css without a browsingContextID set
JavaScript error: resource://devtools/server/actors/network-monitor/network-event-actor.js, line 108: Error: Got a request https://d235vmrai5heq2.cloudfront.net/css/admin/lib/bootstrap-sweetalert/sweetalert.css without a browsingContextID set
JavaScript error: resource://devtools/server/actors/network-monitor/network-event-actor.js, line 108: Error: Got a request https://s3.amazonaws.com/contents.newzenler.com/3072/css/brand.css without a browsingContextID set
JavaScript error: resource://devtools/server/actors/network-monitor/network-event-actor.js, line 108: Error: Got a request https://fonts.googleapis.com/css?family=Catamaran without a browsingContextID set
JavaScript error: resource://devtools/server/actors/network-monitor/network-event-actor.js, line 108: Error: Got a request https://maxcdn.bootstrapcdn.com/font-awesome/4.7.0/css/font-awesome.min.css without a browsingContextID set
JavaScript error: resource://devtools/server/actors/network-monitor/network-event-actor.js, line 108: Error: Got a request https://d235vmrai5heq2.cloudfront.net/fonts/fontawesome-free-5.11.1/css/all.min.css without a browsingContextID set
JavaScript error: resource://devtools/server/actors/network-monitor/network-event-actor.js, line 108: Error: Got a request https://d235vmrai5heq2.cloudfront.net/elements/bundles/Zenler/css/Zenler_skeleton.css?v=V3.1.60075 without a browsingContextID set
JavaScript error: resource://devtools/server/actors/network-monitor/network-event-actor.js, line 108: Error: Got a request https://d235vmrai5heq2.cloudfront.net/elements/bundles/Zenler/css/Zenler_blocks.css?v=V3.1.60075 without a browsingContextID set
JavaScript error: resource://devtools/server/actors/network-monitor/network-event-actor.js, line 108: Error: Got a request https://d235vmrai5heq2.cloudfront.net/css/community/icon.css without a browsingContextID set
JavaScript error: resource://devtools/server/actors/network-monitor/network-event-actor.js, line 108: Error: Got a request https://d235vmrai5heq2.cloudfront.net/elements/css/counteverest/counteverest.css without a browsingContextID set
JavaScript error: resource://devtools/server/actors/network-monitor/network-event-actor.js, line 108: Error: Got a request https://d235vmrai5heq2.cloudfront.net/css/manage-elements.css without a browsingContextID set
JavaScript error: resource://devtools/server/actors/network-monitor/network-event-actor.js, line 108: Error: Got a request https://d235vmrai5heq2.cloudfront.net/css/admin/lib/bootstrap-sweetalert/sweetalert.css without a browsingContextID set
JavaScript error: resource://devtools/server/actors/network-monitor/network-event-actor.js, line 108: Error: Got a request https://s3.amazonaws.com/contents.newzenler.com/3072/css/brand.css without a browsingContextID set
JavaScript error: resource://devtools/server/actors/network-monitor/network-event-actor.js, line 108: Error: Got a request https://fonts.googleapis.com/css?family=Catamaran without a browsingContextID set
JavaScript warning: https://d235vmrai5heq2.cloudfront.net/js/default/review.js?v=V3.1.60075, line 33: unreachable code after return statement
Unable to read VR Path Registry from C:\Users\dcthofic07\AppData\Local\openvr\openvrpaths.vrpath

###!!! [Parent][RunMessage] Error: Channel error: cannot send/recv

[Parent 4372, IPC I/O Parent] WARNING: file /builds/worker/checkouts/gecko/ipc/chromium/src/base/process_util_win.cc:167
1626695417718	Marionette	INFO	Stopped listening on port 52187
1626695674815	mozrunner::runner	INFO	Running command: "C:\\Program Files\\Mozilla Firefox\\firefox.exe" "-marionette" "-foreground" "-no-remote" "-profile" "C:\\Users\\DCTHOF~1\\AppData\\Local\\Temp\\rust_mozprofile7A1r2N"
1626695676438	Marionette	INFO	Marionette enabled
JavaScript error: resource://gre/modules/XULStore.jsm, line 66: Error: Can't find profile directory.
console.warn: SearchSettings: "get: No settings file exists, new profile?" (new NotFoundError("Could not open the file at C:\\Users\\dcthofic07\\AppData\\Local\\Temp\\rust_mozprofile7A1r2N\\search.json.mozlz4", (void 0)))
1626695686162	Marionette	INFO	Listening on port 56273
1626695686676	Marionette	WARN	TLS certificate errors will be ignored for this session
JavaScript warning: https://d235vmrai5heq2.cloudfront.net/js/default/review.js?v=V3.1.60075, line 33: unreachable code after return statement
JavaScript warning: https://d235vmrai5heq2.cloudfront.net/js/default/review.js?v=V3.1.60075, line 33: unreachable code after return statement
1626695712440	Marionette	INFO	Stopped listening on port 56273
1626697495085	mozrunner::runner	INFO	Running command: "C:\\Program Files\\Mozilla Firefox\\firefox.exe" "-marionette" "-foreground" "-no-remote" "-profile" "C:\\Users\\DCTHOF~1\\AppData\\Local\\Temp\\rust_mozprofileKMxsh4"
1626697500727	Marionette	INFO	Marionette enabled
JavaScript error: resource://gre/modules/XULStore.jsm, line 66: Error: Can't find profile directory.
console.warn: SearchSettings: "get: No settings file exists, new profile?" (new NotFoundError("Could not open the file at C:\\Users\\dcthofic07\\AppData\\Local\\Temp\\rust_mozprofileKMxsh4\\search.json.mozlz4", (void 0)))
1626697519501	Marionette	INFO	Listening on port 52404
1626697519827	Marionette	WARN	TLS certificate errors will be ignored for this session
JavaScript warning: https://d235vmrai5heq2.cloudfront.net/js/default/review.js?v=V3.1.60075, line 33: unreachable code after return statement
JavaScript warning: https://d235vmrai5heq2.cloudfront.net/js/default/review.js?v=V3.1.60075, line 33: unreachable code after return statement
console.log: WebExtensions: reset-default-search: starting.
console.log: WebExtensions: reset-default-search: No addons in our list are installed.
JavaScript error: resource://gre/modules/CrashMonitor.jsm, line 201: AbortError: IOUtils: Shutting down and refusing additional I/O tasks
1626698329236	Marionette	INFO	Stopped listening on port 52404
ind profile directory.
console.warn: SearchSettings: "get: No settings file exists, new profile?" (new NotFoundError("Could not open the file at C:\\Users\\dcthofic07\\AppData\\Local\\Temp\\rust_mozprofileZgq7el\\search.json.mozlz4", (void 0)))
1626697706562	Marionette	INFO	Listening on port 60929
1626697708126	Marionette	WARN	TLS certificate errors will be ignored for this session
JavaScript warning: https://d235vmrai5heq2.cloudfront.net/js/default/review.js?v=V3.1.60075, line 33: unreachable code after return statement
JavaScript warning: https://d235vmrai5heq2.cloudfront.net/js/default/review.js?v=V3.1.60075, line 33: unreachable code after return statement
JavaScript error: resource://devtools/server/actors/network-monitor/network-event-actor.js, line 108: Error: Got a request https://maxcdn.bootstrapcdn.com/font-awesome/4.7.0/css/font-awesome.min.css without a browsingContextID set
JavaScript error: resource://devtools/server/actors/network-monitor/network-event-actor.js, line 108: Error: Got a request https://d235vmrai5heq2.cloudfront.net/fonts/fontawesome-free-5.11.1/css/all.min.css without a browsingContextID set
JavaScript error: resource://devtools/server/actors/network-monitor/network-event-actor.js, line 108: Error: Got a request https://d235vmrai5heq2.cloudfront.net/elements/bundles/Zenler/css/Zenler_skeleton.css?v=V3.1.60075 without a browsingContextID set
JavaScript error: resource://devtools/server/actors/network-monitor/network-event-actor.js, line 108: Error: Got a request https://d235vmrai5heq2.cloudfront.net/elements/bundles/Zenler/css/Zenler_blocks.css?v=V3.1.60075 without a browsingContextID set
JavaScript error: resource://devtools/server/actors/network-monitor/network-event-actor.js, line 108: Error: Got a request https://d235vmrai5heq2.cloudfront.net/css/community/icon.css without a browsingContextID set
JavaScript error: resource://devtools/server/actors/network-monitor/network-event-actor.js, line 108: Error: Got a request https://d235vmrai5heq2.cloudfront.net/elements/css/counteverest/counteverest.css without a browsingContextID set
JavaScript error: resource://devtools/server/actors/network-monitor/network-event-actor.js, line 108: Error: Got a request https://d235vmrai5heq2.cloudfront.net/css/manage-elements.css without a browsingContextID set
JavaScript error: resource://devtools/server/actors/network-monitor/network-event-actor.js, line 108: Error: Got a request https://d235vmrai5heq2.cloudfront.net/css/admin/lib/bootstrap-sweetalert/sweetalert.css without a browsingContextID set
JavaScript error: resource://devtools/server/actors/network-monitor/network-event-actor.js, line 108: Error: Got a request https://s3.amazonaws.com/contents.newzenler.com/3072/css/brand.css without a browsingContextID set
JavaScript error: resource://devtools/server/actors/network-monitor/network-event-actor.js, line 108: Error: Got a request https://fonts.googleapis.com/css?family=Catamaran without a browsingContextID set
JavaScript error: resource://devtools/server/actors/network-monitor/network-event-actor.js, line 108: Error: Got a request https://maxcdn.bootstrapcdn.com/font-awesome/4.7.0/css/font-awesome.min.css without a browsingContextID set
JavaScript error: resource://devtools/server/actors/network-monitor/network-event-actor.js, line 108: Error: Got a request https://d235vmrai5heq2.cloudfront.net/fonts/fontawesome-free-5.11.1/css/all.min.css without a browsingContextID set
JavaScript error: resource://devtools/server/actors/network-monitor/network-event-actor.js, line 108: Error: Got a request https://d235vmrai5heq2.cloudfront.net/elements/bundles/Zenler/css/Zenler_skeleton.css?v=V3.1.60075 without a browsingContextID set
JavaScript error: resource://devtools/server/actors/network-monitor/network-event-actor.js, line 108: Error: Got a request https://d235vmrai5heq2.cloudfront.net/elements/bundles/Zenler/css/Zenler_blocks.css?v=V3.1.60075 without a browsingContextID set
JavaScript error: resource://devtools/server/actors/network-monitor/network-event-actor.js, line 108: Error: Got a request https://d235vmrai5heq2.cloudfront.net/css/community/icon.css without a browsingContextID set
JavaScript error: resource://devtools/server/actors/network-monitor/network-event-actor.js, line 108: Error: Got a request https://d235vmrai5heq2.cloudfront.net/elements/css/counteverest/counteverest.css without a browsingContextID set
JavaScript error: resource://devtools/server/actors/network-monitor/network-event-actor.js, line 108: Error: Got a request https://d235vmrai5heq2.cloudfront.net/css/manage-elements.css without a browsingContextID set
JavaScript error: resource://devtools/server/actors/network-monitor/network-event-actor.js, line 108: Error: Got a request https://d235vmrai5heq2.cloudfront.net/css/admin/lib/bootstrap-sweetalert/sweetalert.css without a browsingContextID set
JavaScript error: resource://devtools/server/actors/network-monitor/network-event-actor.js, line 108: Error: Got a request https://s3.amazonaws.com/contents.newzenler.com/3072/css/brand.css without a browsingContextID set
JavaScript error: resource://devtools/server/actors/network-monitor/network-event-actor.js, line 108: Error: Got a request https://fonts.googleapis.com/css?family=Catamaran without a browsingContextID set
console.log: WebExtensions: reset-default-search: starting.
console.log: WebExtensions: reset-default-search: No addons in our list are installed.
1626698328927	Marionette	INFO	Stopped listening on port 60929
ram Files\\Mozilla Firefox\\firefox.exe" "-marionette" "-foreground" "-no-remote" "-profile" "C:\\Users\\DCTHOF~1\\AppData\\Local\\Temp\\rust_mozprofileZiPpF8"
1626698286239	Marionette	INFO	Marionette enabled
JavaScript error: resource://gre/modules/XULStore.jsm, line 66: Error: Can't find profile directory.
console.warn: SearchSettings: "get: No settings file exists, new profile?" (new NotFoundError("Could not open the file at C:\\Users\\dcthofic07\\AppData\\Local\\Temp\\rust_mozprofileZiPpF8\\search.json.mozlz4", (void 0)))
console.error: Region.jsm: "Error fetching region" (new AbortError("The operation was aborted. ", (void 0), 770))
console.error: Region.jsm: "Failed to fetch region" (new Error("NO_RESULT", "resource://gre/modules/Region.jsm", 419))
1626698297408	Marionette	INFO	Listening on port 57918
1626698297967	Marionette	WARN	TLS certificate errors will be ignored for this session
JavaScript warning: https://d235vmrai5heq2.cloudfront.net/js/default/review.js?v=V3.1.60075, line 33: unreachable code after return statement
JavaScript warning: https://d235vmrai5heq2.cloudfront.net/js/default/review.js?v=V3.1.60075, line 33: unreachable code after return statement
1626698308794	Marionette	WARN	TimedPromise timed out after 500 ms: stacktrace:
TimedPromise/<@chrome://marionette/content/sync.js:237:19
TimedPromise@chrome://marionette/content/sync.js:222:10
interaction.flushEventLoop@chrome://marionette/content/interaction.js:431:10
webdriverClickElement@chrome://marionette/content/interaction.js:179:31
1626698311073	Marionette	INFO	Stopped listening on port 57918
JavaScript error: resource://gre/modules/UrlClassifierListManager.jsm, line 691: TypeError: this.tablesData[table] is undefined
1626698334332	mozrunner::runner	INFO	Running command: "C:\\Program Files\\Mozilla Firefox\\firefox.exe" "-marionette" "-foreground" "-no-remote" "-profile" "C:\\Users\\DCTHOF~1\\AppData\\Local\\Temp\\rust_mozprofilekyNVjr"
1626698335224	Marionette	INFO	Marionette enabled
JavaScript error: resource://gre/modules/XULStore.jsm, line 66: Error: Can't find profile directory.
console.warn: SearchSettings: "get: No settings file exists, new profile?" (new NotFoundError("Could not open the file at C:\\Users\\dcthofic07\\AppData\\Local\\Temp\\rust_mozprofilekyNVjr\\search.json.mozlz4", (void 0)))
console.error: Region.jsm: "Error fetching region" (new Error("TIMEOUT", "resource://gre/modules/Region.jsm", 772))
console.error: Region.jsm: "Failed to fetch region" (new Error("TIMEOUT", "resource://gre/modules/Region.jsm", 419))
1626698349289	Marionette	INFO	Listening on port 58030
1626698351298	Marionette	WARN	TLS certificate errors will be ignored for this session
JavaScript warning: https://d235vmrai5heq2.cloudfront.net/js/default/review.js?v=V3.1.60075, line 33: unreachable code after return statement
JavaScript warning: https://d235vmrai5heq2.cloudfront.net/js/default/review.js?v=V3.1.60075, line 33: unreachable code after return statement
1626698364678	Marionette	WARN	TimedPromise timed out after 500 ms: stacktrace:
TimedPromise/<@chrome://marionette/content/sync.js:237:19
TimedPromise@chrome://marionette/content/sync.js:222:10
interaction.flushEventLoop@chrome://marionette/content/interaction.js:431:10
webdriverClickElement@chrome://marionette/content/interaction.js:179:31
1626698366886	Marionette	INFO	Stopped listening on port 58030
1626698387340	mozrunner::runner	INFO	Running command: "C:\\Program Files\\Mozilla Firefox\\firefox.exe" "-marionette" "-foreground" "-no-remote" "-profile" "C:\\Users\\DCTHOF~1\\AppData\\Local\\Temp\\rust_mozprofile19BVs8"
1626698388297	Marionette	INFO	Marionette enabled
JavaScript error: resource://gre/modules/XULStore.jsm, line 66: Error: Can't find profile directory.
console.warn: SearchSettings: "get: No settings file exists, new profile?" (new NotFoundError("Could not open the file at C:\\Users\\dcthofic07\\AppData\\Local\\Temp\\rust_mozprofile19BVs8\\search.json.mozlz4", (void 0)))
1626698396239	Marionette	INFO	Listening on port 58152
1626698396655	Marionette	WARN	TLS certificate errors will be ignored for this session
JavaScript warning: https://d235vmrai5heq2.cloudfront.net/js/default/review.js?v=V3.1.60075, line 33: unreachable code after return statement
JavaScript warning: https://d235vmrai5heq2.cloudfront.net/js/default/review.js?v=V3.1.60075, line 33: unreachable code after return statement
1626698409152	Marionette	WARN	TimedPromise timed out after 500 ms: stacktrace:
TimedPromise/<@chrome://marionette/content/sync.js:237:19
TimedPromise@chrome://marionette/content/sync.js:222:10
interaction.flushEventLoop@chrome://marionette/content/interaction.js:431:10
webdriverClickElement@chrome://marionette/content/interaction.js:179:31
1626698419359	Marionette	INFO	Stopped listening on port 58152
1626698558424	mozrunner::runner	INFO	Running command: "C:\\Program Files\\Mozilla Firefox\\firefox.exe" "-marionette" "-foreground" "-no-remote" "-profile" "C:\\Users\\DCTHOF~1\\AppData\\Local\\Temp\\rust_mozprofilepDTfql"
1626698560450	Marionette	INFO	Marionette enabled
JavaScript error: resource://gre/modules/XULStore.jsm, line 66: Error: Can't find profile directory.
console.warn: SearchSettings: "get: No settings file exists, new profile?" (new NotFoundError("Could not open the file at C:\\Users\\dcthofic07\\AppData\\Local\\Temp\\rust_mozprofilepDTfql\\search.json.mozlz4", (void 0)))
1626698568609	Marionette	INFO	Listening on port 51139
1626698569241	Marionette	WARN	TLS certificate errors will be ignored for this session
JavaScript warning: https://d235vmrai5heq2.cloudfront.net/js/default/review.js?v=V3.1.60075, line 33: unreachable code after return statement
JavaScript warning: https://d235vmrai5heq2.cloudfront.net/js/default/review.js?v=V3.1.60075, line 33: unreachable code after return statement
1626698579507	Marionette	WARN	TimedPromise timed out after 500 ms: stacktrace:
TimedPromise/<@chrome://marionette/content/sync.js:237:19
TimedPromise@chrome://marionette/content/sync.js:222:10
interaction.flushEventLoop@chrome://marionette/content/interaction.js:431:10
webdriverClickElement@chrome://marionette/content/interaction.js:179:31
1626698589713	Marionette	INFO	Stopped listening on port 51139

###!!! [Child][RunMessage] Error: Channel closing: too late to send/recv, messages will be lost

1626698620856	mozrunner::runner	INFO	Running command: "C:\\Program Files\\Mozilla Firefox\\firefox.exe" "-marionette" "-foreground" "-no-remote" "-profile" "C:\\Users\\DCTHOF~1\\AppData\\Local\\Temp\\rust_mozprofileHEXI9H"
1626698621957	Marionette	INFO	Marionette enabled
JavaScript error: resource://gre/modules/XULStore.jsm, line 66: Error: Can't find profile directory.
console.warn: SearchSettings: "get: No settings file exists, new profile?" (new NotFoundError("Could not open the file at C:\\Users\\dcthofic07\\AppData\\Local\\Temp\\rust_mozprofileHEXI9H\\search.json.mozlz4", (void 0)))
console.error: "Could not write session state file " (new Error("_initWorker called too early! Please read the session file from disk first.", "resource:///modules/sessionstore/SessionFile.jsm", 375)) "_initWorker/<@resource:///modules/sessionstore/SessionFile.jsm:375:15\n_initWorker@resource:///modules/sessionstore/SessionFile.jsm:368:12\n_postToWorker@resource:///modules/sessionstore/SessionFile.jsm:410:16\nwrite@resource:///modules/sessionstore/SessionFile.jsm:448:24\nwrite@resource:///modules/sessionstore/SessionFile.jsm:75:32\n_writeState@resource:///modules/sessionstore/SessionSaver.jsm:367:24\n_saveState@resource:///modules/sessionstore/SessionSaver.jsm:301:17\n_saveStateAsync@resource:///modules/sessionstore/SessionSaver.jsm:351:10\nsaveStateAsyncWhenIdle@resource:///modules/sessionstore/SessionSaver.jsm:198:14\ncallback@resource://gre/modules/Timer.jsm:127:16\n"
1626698637795	Marionette	INFO	Listening on port 53600
1626698638319	Marionette	WARN	TLS certificate errors will be ignored for this session
JavaScript warning: https://d235vmrai5heq2.cloudfront.net/js/default/review.js?v=V3.1.60075, line 33: unreachable code after return statement
JavaScript warning: https://d235vmrai5heq2.cloudfront.net/js/default/review.js?v=V3.1.60075, line 33: unreachable code after return statement
1626698648645	Marionette	WARN	TimedPromise timed out after 500 ms: stacktrace:
TimedPromise/<@chrome://marionette/content/sync.js:237:19
TimedPromise@chrome://marionette/content/sync.js:222:10
interaction.flushEventLoop@chrome://marionette/content/interaction.js:431:10
webdriverClickElement@chrome://marionette/content/interaction.js:179:31
1626698658851	Marionette	INFO	Stopped listening on port 53600
1626698685077	mozrunner::runner	INFO	Running command: "C:\\Program Files\\Mozilla Firefox\\firefox.exe" "-marionette" "-foreground" "-no-remote" "-profile" "C:\\Users\\DCTHOF~1\\AppData\\Local\\Temp\\rust_mozprofilecdswtt"
1626698686020	Marionette	INFO	Marionette enabled
JavaScript error: resource://gre/modules/XULStore.jsm, line 66: Error: Can't find profile directory.
console.warn: SearchSettings: "get: No settings file exists, new profile?" (new NotFoundError("Could not open the file at C:\\Users\\dcthofic07\\AppData\\Local\\Temp\\rust_mozprofilecdswtt\\search.json.mozlz4", (void 0)))

###!!! [Child][MessageChannel] Error: (msgtype=0x390144,name=PContent::Msg_AsyncMessage) Channel closing: too late to send/recv, messages will be lost

1626698698716	Marionette	INFO	Listening on port 53712
1626698699162	Marionette	WARN	TLS certificate errors will be ignored for this session
JavaScript warning: https://d235vmrai5heq2.cloudfront.net/js/default/review.js?v=V3.1.60075, line 33: unreachable code after return statement
JavaScript warning: https://d235vmrai5heq2.cloudfront.net/js/default/review.js?v=V3.1.60075, line 33: unreachable code after return statement
1626698710533	Marionette	WARN	TimedPromise timed out after 500 ms: stacktrace:
TimedPromise/<@chrome://marionette/content/sync.js:237:19
TimedPromise@chrome://marionette/content/sync.js:222:10
interaction.flushEventLoop@chrome://marionette/content/interaction.js:431:10
webdriverClickElement@chrome://marionette/content/interaction.js:179:31
1626698720747	Marionette	INFO	Stopped listening on port 53712

###!!! [Child][RunMessage] Error: Channel closing: too late to send/recv, messages will be lost

1626700779951	mozrunner::runner	INFO	Running command: "C:\\Program Files\\Mozilla Firefox\\firefox.exe" "-marionette" "-foreground" "-no-remote" "-profile" "C:\\Users\\DCTHOF~1\\AppData\\Local\\Temp\\rust_mozprofileuAOozN"
1626700786058	Marionette	INFO	Marionette enabled
JavaScript error: resource://gre/modules/XULStore.jsm, line 66: Error: Can't find profile directory.
console.warn: SearchSettings: "get: No settings file exists, new profile?" (new NotFoundError("Could not open the file at C:\\Users\\dcthofic07\\AppData\\Local\\Temp\\rust_mozprofileuAOozN\\search.json.mozlz4", (void 0)))
console.error: "Could not write session state file " (new Error("_initWorker called too early! Please read the session file from disk first.", "resource:///modules/sessionstore/SessionFile.jsm", 375)) "_initWorker/<@resource:///modules/sessionstore/SessionFile.jsm:375:15\n_initWorker@resource:///modules/sessionstore/SessionFile.jsm:368:12\n_postToWorker@resource:///modules/sessionstore/SessionFile.jsm:410:16\nwrite@resource:///modules/sessionstore/SessionFile.jsm:448:24\nwrite@resource:///modules/sessionstore/SessionFile.jsm:75:32\n_writeState@resource:///modules/sessionstore/SessionSaver.jsm:367:24\n_saveState@resource:///modules/sessionstore/SessionSaver.jsm:301:17\n_saveStateAsync@resource:///modules/sessionstore/SessionSaver.jsm:351:10\nsaveStateAsyncWhenIdle@resource:///modules/sessionstore/SessionSaver.jsm:198:14\ncallback@resource://gre/modules/Timer.jsm:127:16\n"
1626700811872	Marionette	INFO	Listening on port 59009
1626700813045	Marionette	WARN	TLS certificate errors will be ignored for this session
JavaScript warning: https://d235vmrai5heq2.cloudfront.net/js/default/review.js?v=V3.1.60075, line 33: unreachable code after return statement
JavaScript warning: https://d235vmrai5heq2.cloudfront.net/js/default/review.js?v=V3.1.60075, line 33: unreachable code after return statement
1626700837023	Marionette	WARN	TimedPromise timed out after 500 ms: stacktrace:
TimedPromise/<@chrome://marionette/content/sync.js:237:19
TimedPromise@chrome://marionette/content/sync.js:222:10
interaction.flushEventLoop@chrome://marionette/content/interaction.js:431:10
webdriverClickElement@chrome://marionette/content/interaction.js:179:31
1626700847229	Marionette	INFO	Stopped listening on port 59009
1626700856642	mozrunner::runner	INFO	Running command: "C:\\Program Files\\Mozilla Firefox\\firefox.exe" "-marionette" "-foreground" "-no-remote" "-profile" "C:\\Users\\DCTHOF~1\\AppData\\Local\\Temp\\rust_mozprofile3w6KpA"
1626700857309	Marionette	INFO	Marionette enabled
JavaScript error: resource://gre/modules/XULStore.jsm, line 66: Error: Can't find profile directory.
console.warn: SearchSettings: "get: No settings file exists, new profile?" (new NotFoundError("Could not open the file at C:\\Users\\dcthofic07\\AppData\\Local\\Temp\\rust_mozprofile3w6KpA\\search.json.mozlz4", (void 0)))
1626700865215	Marionette	INFO	Listening on port 59138
1626700866207	Marionette	WARN	TLS certificate errors will be ignored for this session
JavaScript warning: https://d235vmrai5heq2.cloudfront.net/js/default/review.js?v=V3.1.60075, line 33: unreachable code after return statement
JavaScript warning: https://d235vmrai5heq2.cloudfront.net/js/default/review.js?v=V3.1.60075, line 33: unreachable code after return statement
1626700887224	Marionette	WARN	TimedPromise timed out after 500 ms: stacktrace:
TimedPromise/<@chrome://marionette/content/sync.js:237:19
TimedPromise@chrome://marionette/content/sync.js:222:10
interaction.flushEventLoop@chrome://marionette/content/interaction.js:431:10
webdriverClickElement@chrome://marionette/content/interaction.js:179:31
1626700897433	Marionette	INFO	Stopped listening on port 59138

###!!! [Child][RunMessage] Error: Channel closing: too late to send/recv, messages will be lost

1626700952897	mozrunner::runner	INFO	Running command: "C:\\Program Files\\Mozilla Firefox\\firefox.exe" "-marionette" "-foreground" "-no-remote" "-profile" "C:\\Users\\DCTHOF~1\\AppData\\Local\\Temp\\rust_mozprofilepMolNp"
1626700953547	Marionette	INFO	Marionette enabled
JavaScript error: resource://gre/modules/XULStore.jsm, line 66: Error: Can't find profile directory.
console.warn: SearchSettings: "get: No settings file exists, new profile?" (new NotFoundError("Could not open the file at C:\\Users\\dcthofic07\\AppData\\Local\\Temp\\rust_mozprofilepMolNp\\search.json.mozlz4", (void 0)))
1626700960902	Marionette	INFO	Listening on port 53651
1626700961579	Marionette	WARN	TLS certificate errors will be ignored for this session
JavaScript warning: https://d235vmrai5heq2.cloudfront.net/js/default/review.js?v=V3.1.60075, line 33: unreachable code after return statement
JavaScript warning: https://d235vmrai5heq2.cloudfront.net/js/default/review.js?v=V3.1.60075, line 33: unreachable code after return statement
[Parent 14788, IPC I/O Parent] WARNING: file /builds/worker/checkouts/gecko/ipc/chromium/src/base/process_util_win.cc:167
1626700996178	Marionette	INFO	Stopped listening on port 53651
1626701041202	mozrunner::runner	INFO	Running command: "C:\\Program Files\\Mozilla Firefox\\firefox.exe" "-marionette" "-foreground" "-no-remote" "-profile" "C:\\Users\\DCTHOF~1\\AppData\\Local\\Temp\\rust_mozprofileRynfxi"
1626701041996	Marionette	INFO	Marionette enabled
JavaScript error: resource://gre/modules/XULStore.jsm, line 66: Error: Can't find profile directory.
console.warn: SearchSettings: "get: No settings file exists, new profile?" (new NotFoundError("Could not open the file at C:\\Users\\dcthofic07\\AppData\\Local\\Temp\\rust_mozprofileRynfxi\\search.json.mozlz4", (void 0)))
1626701050283	Marionette	INFO	Listening on port 53637
1626701050934	Marionette	WARN	TLS certificate errors will be ignored for this session
JavaScript warning: https://d235vmrai5heq2.cloudfront.net/js/default/review.js?v=V3.1.60075, line 33: unreachable code after return statement
JavaScript warning: https://d235vmrai5heq2.cloudfront.net/js/default/review.js?v=V3.1.60075, line 33: unreachable code after return statement
[Parent 5880, IPC I/O Parent] WARNING: file /builds/worker/checkouts/gecko/ipc/chromium/src/base/process_util_win.cc:167
[Parent 5880, IPC I/O Parent] WARNING: file /builds/worker/checkouts/gecko/ipc/chromium/src/base/process_util_win.cc:167
console.log: WebExtensions: reset-default-search: starting.
console.log: WebExtensions: reset-default-search: No addons in our list are installed.
JavaScript error: resource://activity-stream/lib/PersonalityProvider/PersonalityProvider.jsm, line 84: TypeError: http://%(server)s/dummy/blocklist// is not a valid URL.
JavaScript error: resource://activity-stream/lib/PersonalityProvider/PersonalityProvider.jsm, line 84: TypeError: http://%(server)s/dummy/blocklist// is not a valid URL.
JavaScript error: resource://activity-stream/lib/PersonalityProvider/PersonalityProvider.jsm, line 84: TypeError: http://%(server)s/dummy/blocklist// is not a valid URL.
1626705295984	Marionette	INFO	Stopped listening on port 53637
60075, line 33: unreachable code after return statement
[Parent 9320, IPC I/O Parent] WARNING: file /builds/worker/checkouts/gecko/ipc/chromium/src/base/process_util_win.cc:167
[Parent 9320, IPC I/O Parent] WARNING: file /builds/worker/checkouts/gecko/ipc/chromium/src/base/process_util_win.cc:167
JavaScript error: resource://activity-stream/lib/PersonalityProvider/PersonalityProvider.jsm, line 84: TypeError: http://%(server)s/dummy/blocklist// is not a valid URL.
console.log: WebExtensions: reset-default-search: starting.
console.log: WebExtensions: reset-default-search: No addons in our list are installed.
JavaScript error: resource://activity-stream/lib/PersonalityProvider/PersonalityProvider.jsm, line 84: TypeError: http://%(server)s/dummy/blocklist// is not a valid URL.
1626705294352	Marionette	INFO	Stopped listening on port 64743
js/default/review.js?v=V3.1.60075, line 33: unreachable code after return statement
JavaScript warning: https://d235vmrai5heq2.cloudfront.net/js/default/review.js?v=V3.1.60075, line 33: unreachable code after return statement
1626701309064	Marionette	INFO	Stopped listening on port 57584
1626701325053	mozrunner::runner	INFO	Running command: "C:\\Program Files\\Mozilla Firefox\\firefox.exe" "-marionette" "-foreground" "-no-remote" "-profile" "C:\\Users\\DCTHOF~1\\AppData\\Local\\Temp\\rust_mozprofileoid1AV"
1626701327609	Marionette	INFO	Marionette enabled
JavaScript error: resource://gre/modules/XULStore.jsm, line 66: Error: Can't find profile directory.
console.warn: SearchSettings: "get: No settings file exists, new profile?" (new NotFoundError("Could not open the file at C:\\Users\\dcthofic07\\AppData\\Local\\Temp\\rust_mozprofileoid1AV\\search.json.mozlz4", (void 0)))
console.error: "Could not write session state file " (new Error("_initWorker called too early! Please read the session file from disk first.", "resource:///modules/sessionstore/SessionFile.jsm", 375)) "_initWorker/<@resource:///modules/sessionstore/SessionFile.jsm:375:15\n_initWorker@resource:///modules/sessionstore/SessionFile.jsm:368:12\n_postToWorker@resource:///modules/sessionstore/SessionFile.jsm:410:16\nwrite@resource:///modules/sessionstore/SessionFile.jsm:448:24\nwrite@resource:///modules/sessionstore/SessionFile.jsm:75:32\n_writeState@resource:///modules/sessionstore/SessionSaver.jsm:367:24\n_saveState@resource:///modules/sessionstore/SessionSaver.jsm:301:17\n_saveStateAsync@resource:///modules/sessionstore/SessionSaver.jsm:351:10\nsaveStateAsyncWhenIdle@resource:///modules/sessionstore/SessionSaver.jsm:198:14\ncallback@resource://gre/modules/Timer.jsm:127:16\n"
1626701342767	Marionette	INFO	Listening on port 54889
1626701342920	Marionette	WARN	TLS certificate errors will be ignored for this session
JavaScript warning: https://d235vmrai5heq2.cloudfront.net/js/default/review.js?v=V3.1.60075, line 33: unreachable code after return statement
JavaScript warning: https://d235vmrai5heq2.cloudfront.net/js/default/review.js?v=V3.1.60075, line 33: unreachable code after return statement
JavaScript error: resource://devtools/server/actors/network-monitor/network-event-actor.js, line 108: Error: Got a request https://maxcdn.bootstrapcdn.com/font-awesome/4.7.0/css/font-awesome.min.css without a browsingContextID set
JavaScript error: resource://devtools/server/actors/network-monitor/network-event-actor.js, line 108: Error: Got a request https://d235vmrai5heq2.cloudfront.net/fonts/fontawesome-free-5.11.1/css/all.min.css without a browsingContextID set
JavaScript error: resource://devtools/server/actors/network-monitor/network-event-actor.js, line 108: Error: Got a request https://d235vmrai5heq2.cloudfront.net/elements/bundles/Zenler/css/Zenler_skeleton.css?v=V3.1.60075 without a browsingContextID set
JavaScript error: resource://devtools/server/actors/network-monitor/network-event-actor.js, line 108: Error: Got a request https://d235vmrai5heq2.cloudfront.net/elements/bundles/Zenler/css/Zenler_blocks.css?v=V3.1.60075 without a browsingContextID set
JavaScript error: resource://devtools/server/actors/network-monitor/network-event-actor.js, line 108: Error: Got a request https://d235vmrai5heq2.cloudfront.net/css/community/icon.css without a browsingContextID set
JavaScript error: resource://devtools/server/actors/network-monitor/network-event-actor.js, line 108: Error: Got a request https://d235vmrai5heq2.cloudfront.net/elements/css/counteverest/counteverest.css without a browsingContextID set
JavaScript error: resource://devtools/server/actors/network-monitor/network-event-actor.js, line 108: Error: Got a request https://d235vmrai5heq2.cloudfront.net/css/manage-elements.css without a browsingContextID set
JavaScript error: resource://devtools/server/actors/network-monitor/network-event-actor.js, line 108: Error: Got a request https://d235vmrai5heq2.cloudfront.net/css/admin/lib/bootstrap-sweetalert/sweetalert.css without a browsingContextID set
JavaScript error: resource://devtools/server/actors/network-monitor/network-event-actor.js, line 108: Error: Got a request https://s3.amazonaws.com/contents.newzenler.com/3072/css/brand.css without a browsingContextID set
JavaScript error: resource://devtools/server/actors/network-monitor/network-event-actor.js, line 108: Error: Got a request https://fonts.googleapis.com/css?family=Catamaran without a browsingContextID set
JavaScript error: resource://devtools/server/actors/network-monitor/network-event-actor.js, line 108: Error: Got a request https://maxcdn.bootstrapcdn.com/font-awesome/4.7.0/css/font-awesome.min.css without a browsingContextID set
JavaScript error: resource://devtools/server/actors/network-monitor/network-event-actor.js, line 108: Error: Got a request https://d235vmrai5heq2.cloudfront.net/fonts/fontawesome-free-5.11.1/css/all.min.css without a browsingContextID set
JavaScript error: resource://devtools/server/actors/network-monitor/network-event-actor.js, line 108: Error: Got a request https://d235vmrai5heq2.cloudfront.net/elements/bundles/Zenler/css/Zenler_skeleton.css?v=V3.1.60075 without a browsingContextID set
JavaScript error: resource://devtools/server/actors/network-monitor/network-event-actor.js, line 108: Error: Got a request https://d235vmrai5heq2.cloudfront.net/elements/bundles/Zenler/css/Zenler_blocks.css?v=V3.1.60075 without a browsingContextID set
JavaScript error: resource://devtools/server/actors/network-monitor/network-event-actor.js, line 108: Error: Got a request https://d235vmrai5heq2.cloudfront.net/css/community/icon.css without a browsingContextID set
JavaScript error: resource://devtools/server/actors/network-monitor/network-event-actor.js, line 108: Error: Got a request https://d235vmrai5heq2.cloudfront.net/elements/css/counteverest/counteverest.css without a browsingContextID set
JavaScript error: resource://devtools/server/actors/network-monitor/network-event-actor.js, line 108: Error: Got a request https://d235vmrai5heq2.cloudfront.net/css/manage-elements.css without a browsingContextID set
JavaScript error: resource://devtools/server/actors/network-monitor/network-event-actor.js, line 108: Error: Got a request https://d235vmrai5heq2.cloudfront.net/css/admin/lib/bootstrap-sweetalert/sweetalert.css without a browsingContextID set
JavaScript error: resource://devtools/server/actors/network-monitor/network-event-actor.js, line 108: Error: Got a request https://s3.amazonaws.com/contents.newzenler.com/3072/css/brand.css without a browsingContextID set
JavaScript error: resource://devtools/server/actors/network-monitor/network-event-actor.js, line 108: Error: Got a request https://fonts.googleapis.com/css?family=Catamaran without a browsingContextID set
JavaScript error: resource://activity-stream/lib/PersonalityProvider/PersonalityProvider.jsm, line 84: TypeError: http://%(server)s/dummy/blocklist// is not a valid URL.
console.error: "Failed to fetch undefinedmain-workspace/personality-provider-models/170a56ca-c1bf-4181-9b30-693002f7e245.json: "
console.error: "Failed to fetch undefinedmain-workspace/personality-provider-models/170a56ca-c1bf-4181-9b30-693002f7e245.json: "
console.error: "Failed to fetch undefinedmain-workspace/personality-provider-models/170a56ca-c1bf-4181-9b30-693002f7e245.json: "
console.error: "Failed to fetch undefinedmain-workspace/personality-provider-models/06e44aaa-324b-47ac-b458-72e1bccdf86b.json: "
console.error: "Failed to fetch undefinedmain-workspace/personality-provider-models/06e44aaa-324b-47ac-b458-72e1bccdf86b.json: "
console.error: "Failed to fetch undefinedmain-workspace/personality-provider-models/06e44aaa-324b-47ac-b458-72e1bccdf86b.json: "
console.error: "Failed to fetch undefinedmain-workspace/personality-provider-models/30c71fa2-8842-419c-89db-addd30268f5b.json: "
console.error: "Failed to fetch undefinedmain-workspace/personality-provider-models/30c71fa2-8842-419c-89db-addd30268f5b.json: "
console.error: "Failed to fetch undefinedmain-workspace/personality-provider-models/30c71fa2-8842-419c-89db-addd30268f5b.json: "
console.error: "Failed to fetch undefinedmain-workspace/personality-provider-models/fa731eb2-b049-44bc-a12d-f42f7cea991d.json: "
console.error: "Failed to fetch undefinedmain-workspace/personality-provider-models/fa731eb2-b049-44bc-a12d-f42f7cea991d.json: "
console.error: "Failed to fetch undefinedmain-workspace/personality-provider-models/fa731eb2-b049-44bc-a12d-f42f7cea991d.json: "
console.error: "Failed to fetch undefinedmain-workspace/personality-provider-models/2a0dbd55-2eae-44ea-b787-5379594979ff.json: "
console.error: "Failed to fetch undefinedmain-workspace/personality-provider-models/2a0dbd55-2eae-44ea-b787-5379594979ff.json: "
console.error: "Failed to fetch undefinedmain-workspace/personality-provider-models/2a0dbd55-2eae-44ea-b787-5379594979ff.json: "
console.error: "Failed to fetch undefinedmain-workspace/personality-provider-models/bd6fe48d-f356-4af1-bb7e-4de42b1e6272.json: "
console.error: "Failed to fetch undefinedmain-workspace/personality-provider-models/bd6fe48d-f356-4af1-bb7e-4de42b1e6272.json: "
console.error: "Failed to fetch undefinedmain-workspace/personality-provider-models/bd6fe48d-f356-4af1-bb7e-4de42b1e6272.json: "
console.error: "Failed to fetch undefinedmain-workspace/personality-provider-models/c2485f5d-8bb1-4a45-a752-efffe9cd55c3.json: "
console.error: "Failed to fetch undefinedmain-workspace/personality-provider-models/c2485f5d-8bb1-4a45-a752-efffe9cd55c3.json: "
console.error: "Failed to fetch undefinedmain-workspace/personality-provider-models/c2485f5d-8bb1-4a45-a752-efffe9cd55c3.json: "
console.error: "Failed to fetch undefinedmain-workspace/personality-provider-models/281d6a98-5f8e-4bc4-8bae-72e7e16933ca.json: "
console.error: "Failed to fetch undefinedmain-workspace/personality-provider-models/281d6a98-5f8e-4bc4-8bae-72e7e16933ca.json: "
console.error: "Failed to fetch undefinedmain-workspace/personality-provider-models/281d6a98-5f8e-4bc4-8bae-72e7e16933ca.json: "
console.error: "Failed to fetch undefinedmain-workspace/personality-provider-models/e8645388-afc5-48e3-8f3f-80f82a5353dc.json: "
console.error: "Failed to fetch undefinedmain-workspace/personality-provider-models/e8645388-afc5-48e3-8f3f-80f82a5353dc.json: "
console.error: "Failed to fetch undefinedmain-workspace/personality-provider-models/e8645388-afc5-48e3-8f3f-80f82a5353dc.json: "
console.error: "Failed to fetch undefinedmain-workspace/personality-provider-models/47d2bcee-b6c1-464e-a443-e3527d029b0f.json: "
console.error: "Failed to fetch undefinedmain-workspace/personality-provider-models/47d2bcee-b6c1-464e-a443-e3527d029b0f.json: "
console.error: "Failed to fetch undefinedmain-workspace/personality-provider-models/47d2bcee-b6c1-464e-a443-e3527d029b0f.json: "
console.error: "Failed to fetch undefinedmain-workspace/personality-provider-models/18f03fe5-a60f-48c5-8cb8-13da750ca395.json: "
console.error: "Failed to fetch undefinedmain-workspace/personality-provider-models/18f03fe5-a60f-48c5-8cb8-13da750ca395.json: "
console.error: "Failed to fetch undefinedmain-workspace/personality-provider-models/18f03fe5-a60f-48c5-8cb8-13da750ca395.json: "
console.error: "Failed to fetch undefinedmain-workspace/personality-provider-models/cdd3cdfb-1988-482a-850f-ec02aff07f45.json: "
console.error: "Failed to fetch undefinedmain-workspace/personality-provider-models/cdd3cdfb-1988-482a-850f-ec02aff07f45.json: "
console.error: "Failed to fetch undefinedmain-workspace/personality-provider-models/cdd3cdfb-1988-482a-850f-ec02aff07f45.json: "
console.error: "Failed to fetch undefinedmain-workspace/personality-provider-models/a3944b1a-5464-406f-a97e-691702019575.json: "
console.error: "Failed to fetch undefinedmain-workspace/personality-provider-models/a3944b1a-5464-406f-a97e-691702019575.json: "
console.error: "Failed to fetch undefinedmain-workspace/personality-provider-models/a3944b1a-5464-406f-a97e-691702019575.json: "
console.error: "Failed to fetch undefinedmain-workspace/personality-provider-models/61c97d21-6576-4624-aa8b-37839293aebd.json: "
console.error: "Failed to fetch undefinedmain-workspace/personality-provider-models/61c97d21-6576-4624-aa8b-37839293aebd.json: "
console.error: "Failed to fetch undefinedmain-workspace/personality-provider-models/61c97d21-6576-4624-aa8b-37839293aebd.json: "
console.error: "Failed to fetch undefinedmain-workspace/personality-provider-models/1db0b78b-42f2-44fd-b78c-43f5fc760fa1.json: "
console.error: "Failed to fetch undefinedmain-workspace/personality-provider-models/1db0b78b-42f2-44fd-b78c-43f5fc760fa1.json: "
console.error: "Failed to fetch undefinedmain-workspace/personality-provider-models/1db0b78b-42f2-44fd-b78c-43f5fc760fa1.json: "
console.error: "Failed to fetch undefinedmain-workspace/personality-provider-models/393f4033-c815-48d4-bf23-1eb42b4d30db.json: "
console.error: "Failed to fetch undefinedmain-workspace/personality-provider-models/393f4033-c815-48d4-bf23-1eb42b4d30db.json: "
console.error: "Failed to fetch undefinedmain-workspace/personality-provider-models/393f4033-c815-48d4-bf23-1eb42b4d30db.json: "
console.error: "Failed to fetch undefinedmain-workspace/personality-provider-models/76666027-45db-4baa-8197-6e0f886966a8.json: "
console.error: "Failed to fetch undefinedmain-workspace/personality-provider-models/76666027-45db-4baa-8197-6e0f886966a8.json: "
console.error: "Failed to fetch undefinedmain-workspace/personality-provider-models/76666027-45db-4baa-8197-6e0f886966a8.json: "
console.error: "Failed to fetch undefinedmain-workspace/personality-provider-models/24538f21-45ca-4dab-addb-65f655a688e2.json: "
console.error: "Failed to fetch undefinedmain-workspace/personality-provider-models/24538f21-45ca-4dab-addb-65f655a688e2.json: "
console.error: "Failed to fetch undefinedmain-workspace/personality-provider-models/24538f21-45ca-4dab-addb-65f655a688e2.json: "
console.error: "Failed to fetch undefinedmain-workspace/personality-provider-models/ad749af2-93d7-4bf3-982f-a558175fd806.json: "
console.error: "Failed to fetch undefinedmain-workspace/personality-provider-models/ad749af2-93d7-4bf3-982f-a558175fd806.json: "
console.error: "Failed to fetch undefinedmain-workspace/personality-provider-models/ad749af2-93d7-4bf3-982f-a558175fd806.json: "
console.error: "Failed to fetch undefinedmain-workspace/personality-provider-models/f477331d-33dc-4dfe-be46-88d5223fb439.json: "
console.error: "Failed to fetch undefinedmain-workspace/personality-provider-models/f477331d-33dc-4dfe-be46-88d5223fb439.json: "
console.error: "Failed to fetch undefinedmain-workspace/personality-provider-models/f477331d-33dc-4dfe-be46-88d5223fb439.json: "
console.error: "Failed to fetch undefinedmain-workspace/personality-provider-models/8267a2cc-0984-4410-87db-c02530703a98.json: "
console.error: "Failed to fetch undefinedmain-workspace/personality-provider-models/8267a2cc-0984-4410-87db-c02530703a98.json: "
console.error: "Failed to fetch undefinedmain-workspace/personality-provider-models/8267a2cc-0984-4410-87db-c02530703a98.json: "
console.error: "Failed to fetch undefinedmain-workspace/personality-provider-models/3fcbb458-7362-47bb-a426-6b542eb2f014.json: "
console.error: "Failed to fetch undefinedmain-workspace/personality-provider-models/3fcbb458-7362-47bb-a426-6b542eb2f014.json: "
console.error: "Failed to fetch undefinedmain-workspace/personality-provider-models/3fcbb458-7362-47bb-a426-6b542eb2f014.json: "
console.error: "Failed to fetch undefinedmain-workspace/personality-provider-models/5d011771-de98-48f3-8565-7fc1ef6439c3.json: "
console.error: "Failed to fetch undefinedmain-workspace/personality-provider-models/5d011771-de98-48f3-8565-7fc1ef6439c3.json: "
console.error: "Failed to fetch undefinedmain-workspace/personality-provider-models/5d011771-de98-48f3-8565-7fc1ef6439c3.json: "
console.error: "Failed to fetch undefinedmain-workspace/personality-provider-models/145b9461-d6cc-4341-8d96-ec3bacace059.json: "
console.error: "Failed to fetch undefinedmain-workspace/personality-provider-models/145b9461-d6cc-4341-8d96-ec3bacace059.json: "
console.error: "Failed to fetch undefinedmain-workspace/personality-provider-models/145b9461-d6cc-4341-8d96-ec3bacace059.json: "
console.error: "Failed to fetch undefinedmain-workspace/personality-provider-models/0685a1b5-34eb-4c13-8c90-bc82735e527f.json: "
console.error: "Failed to fetch undefinedmain-workspace/personality-provider-models/0685a1b5-34eb-4c13-8c90-bc82735e527f.json: "
console.error: "Failed to fetch undefinedmain-workspace/personality-provider-models/0685a1b5-34eb-4c13-8c90-bc82735e527f.json: "
console.error: "Failed to fetch undefinedmain-workspace/personality-provider-recipe/e4fb5038-c29e-4954-98a0-72a882e4841f.json: "
console.error: "Failed to fetch undefinedmain-workspace/personality-provider-recipe/e4fb5038-c29e-4954-98a0-72a882e4841f.json: "
console.error: "Failed to fetch undefinedmain-workspace/personality-provider-recipe/e4fb5038-c29e-4954-98a0-72a882e4841f.json: "
console.log: WebExtensions: reset-default-search: starting.
console.log: WebExtensions: reset-default-search: No addons in our list are installed.
JavaScript error: resource://activity-stream/lib/PersonalityProvider/PersonalityProvider.jsm, line 84: TypeError: http://%(server)s/dummy/blocklist// is not a valid URL.
console.warn: "Resource  of root-node was not found."
JavaScript warning: https://d235vmrai5heq2.cloudfront.net/js/default/review.js?v=V3.1.60075, line 33: unreachable code after return statement
console.error: "Error while calling actor 'pagestyle's method 'getLayout'" "node is null"
console.error: (new TypeError("node is null", "resource://devtools/server/actors/page-style.js", 1001))
console.error: (new Error("Protocol error (TypeError): node is null from: server0.conn0.child4/pagestyle26 (resource://devtools/server/actors/page-style.js:1001:5)", "resource://devtools/shared/protocol/Front.js", 365))
console.error: "Error while calling actor 'pagestyle's method 'getLayout'" "node is null"
console.error: (new TypeError("node is null", "resource://devtools/server/actors/page-style.js", 1001))
console.error: (new Error("Protocol error (TypeError): node is null from: server0.conn0.child4/pagestyle26 (resource://devtools/server/actors/page-style.js:1001:5)", "resource://devtools/shared/protocol/Front.js", 365))
console.error: "Error while calling actor 'pagestyle's method 'getLayout'" "node is null"
console.error: (new TypeError("node is null", "resource://devtools/server/actors/page-style.js", 1001))
console.error: (new Error("Protocol error (TypeError): node is null from: server0.conn0.child4/pagestyle26 (resource://devtools/server/actors/page-style.js:1001:5)", "resource://devtools/shared/protocol/Front.js", 365))
console.error: "Error while calling actor 'pagestyle's method 'getLayout'" "node is null"
console.error: (new TypeError("node is null", "resource://devtools/server/actors/page-style.js", 1001))
console.error: (new Error("Protocol error (TypeError): node is null from: server0.conn0.child4/pagestyle26 (resource://devtools/server/actors/page-style.js:1001:5)", "resource://devtools/shared/protocol/Front.js", 365))
1626705289855	Marionette	INFO	Stopped listening on port 54889
1626705300662	mozrunner::runner	INFO	Running command: "C:\\Program Files\\Mozilla Firefox\\firefox.exe" "-marionette" "-foreground" "-no-remote" "-profile" "C:\\Users\\DCTHOF~1\\AppData\\Local\\Temp\\rust_mozprofileaBXoKr"
1626705301757	Marionette	INFO	Marionette enabled
JavaScript error: resource://gre/modules/XULStore.jsm, line 66: Error: Can't find profile directory.
console.warn: SearchSettings: "get: No settings file exists, new profile?" (new NotFoundError("Could not open the file at C:\\Users\\dcthofic07\\AppData\\Local\\Temp\\rust_mozprofileaBXoKr\\search.json.mozlz4", (void 0)))
1626705311776	Marionette	INFO	Listening on port 62367
1626705312251	Marionette	WARN	TLS certificate errors will be ignored for this session
JavaScript warning: https://d235vmrai5heq2.cloudfront.net/js/default/review.js?v=V3.1.60075, line 33: unreachable code after return statement
JavaScript warning: https://d235vmrai5heq2.cloudfront.net/js/default/review.js?v=V3.1.60075, line 33: unreachable code after return statement
JavaScript warning: https://d235vmrai5heq2.cloudfront.net/js/default/review.js?v=V3.1.60075, line 33: unreachable code after return statement
1626705353110	Marionette	INFO	Stopped listening on port 62367

###!!! [Child][RunMessage] Error: Channel closing: too late to send/recv, messages will be lost

1626779052456	mozrunner::runner	INFO	Running command: "C:\\Program Files\\Mozilla Firefox\\firefox.exe" "-marionette" "-foreground" "-no-remote" "-profile" "C:\\Users\\DCTHOF~1\\AppData\\Local\\Temp\\rust_mozprofileDLD9XN"
1626779061752	Marionette	INFO	Marionette enabled
JavaScript error: resource://gre/modules/XULStore.jsm, line 66: Error: Can't find profile directory.
console.warn: SearchSettings: "get: No settings file exists, new profile?" (new NotFoundError("Could not open the file at C:\\Users\\dcthofic07\\AppData\\Local\\Temp\\rust_mozprofileDLD9XN\\search.json.mozlz4", (void 0)))

###!!! [Child][MessageChannel] Error: (msgtype=0x390144,name=PContent::Msg_AsyncMessage) Channel closing: too late to send/recv, messages will be lost

1626779089521	Marionette	INFO	Listening on port 53258
1626779090475	Marionette	WARN	TLS certificate errors will be ignored for this session
JavaScript warning: https://d235vmrai5heq2.cloudfront.net/js/default/review.js?v=V3.1.60076, line 33: unreachable code after return statement
JavaScript warning: https://d235vmrai5heq2.cloudfront.net/js/default/review.js?v=V3.1.60076, line 33: unreachable code after return statement
JavaScript warning: https://d235vmrai5heq2.cloudfront.net/js/default/review.js?v=V3.1.60076, line 33: unreachable code after return statement
1626779127665	Marionette	INFO	Stopped listening on port 53258

###!!! [Child][RunMessage] Error: Channel closing: too late to send/recv, messages will be lost

1626779763642	mozrunner::runner	INFO	Running command: "C:\\Program Files\\Mozilla Firefox\\firefox.exe" "-marionette" "-foreground" "-no-remote" "-profile" "C:\\Users\\DCTHOF~1\\AppData\\Local\\Temp\\rust_mozprofilernF3Az"
1626779771484	Marionette	INFO	Marionette enabled
JavaScript error: resource://gre/modules/XULStore.jsm, line 66: Error: Can't find profile directory.
console.warn: SearchSettings: "get: No settings file exists, new profile?" (new NotFoundError("Could not open the file at C:\\Users\\dcthofic07\\AppData\\Local\\Temp\\rust_mozprofilernF3Az\\search.json.mozlz4", (void 0)))
[Parent 9668, IPC I/O Parent] WARNING: file /builds/worker/checkouts/gecko/ipc/chromium/src/base/process_util_win.cc:167
console.error: Region.jsm: "Error fetching region" (new AbortError("The operation was aborted. ", (void 0), 770))
console.error: Region.jsm: "Failed to fetch region" (new Error("NO_RESULT", "resource://gre/modules/Region.jsm", 419))
1626779801519	Marionette	INFO	Listening on port 59001
1626779802969	Marionette	WARN	TLS certificate errors will be ignored for this session
JavaScript warning: https://d235vmrai5heq2.cloudfront.net/js/default/review.js?v=V3.1.60076, line 33: unreachable code after return statement
JavaScript warning: https://d235vmrai5heq2.cloudfront.net/js/default/review.js?v=V3.1.60076, line 33: unreachable code after return statement
JavaScript warning: https://d235vmrai5heq2.cloudfront.net/js/default/review.js?v=V3.1.60076, line 33: unreachable code after return statement
1626779843615	Marionette	INFO	Stopped listening on port 59001
1626779934227	mozrunner::runner	INFO	Running command: "C:\\Program Files\\Mozilla Firefox\\firefox.exe" "-marionette" "-foreground" "-no-remote" "-profile" "C:\\Users\\DCTHOF~1\\AppData\\Local\\Temp\\rust_mozprofilewlfFDL"
1626779935255	Marionette	INFO	Marionette enabled
JavaScript error: resource://gre/modules/XULStore.jsm, line 66: Error: Can't find profile directory.
console.warn: SearchSettings: "get: No settings file exists, new profile?" (new NotFoundError("Could not open the file at C:\\Users\\dcthofic07\\AppData\\Local\\Temp\\rust_mozprofilewlfFDL\\search.json.mozlz4", (void 0)))
1626779947196	Marionette	INFO	Listening on port 64699
1626779947336	Marionette	WARN	TLS certificate errors will be ignored for this session
JavaScript warning: https://d235vmrai5heq2.cloudfront.net/js/default/review.js?v=V3.1.60076, line 33: unreachable code after return statement
JavaScript warning: https://d235vmrai5heq2.cloudfront.net/js/default/review.js?v=V3.1.60076, line 33: unreachable code after return statement
1626780367208	Marionette	INFO	Stopped listening on port 64699

###!!! [Child][RunMessage] Error: Channel closing: too late to send/recv, messages will be lost

rs\\DCTHOF~1\\AppData\\Local\\Temp\\rust_mozprofileE9BkVD"
1626780065185	Marionette	INFO	Marionette enabled
JavaScript error: resource://gre/modules/XULStore.jsm, line 66: Error: Can't find profile directory.
console.warn: SearchSettings: "get: No settings file exists, new profile?" (new NotFoundError("Could not open the file at C:\\Users\\dcthofic07\\AppData\\Local\\Temp\\rust_mozprofileE9BkVD\\search.json.mozlz4", (void 0)))
console.error: Region.jsm: "Error fetching region" (new Error("TIMEOUT", "resource://gre/modules/Region.jsm", 772))
console.error: Region.jsm: "Failed to fetch region" (new Error("TIMEOUT", "resource://gre/modules/Region.jsm", 419))
1626780080166	Marionette	INFO	Listening on port 59344
1626780080325	Marionette	WARN	TLS certificate errors will be ignored for this session
JavaScript error: resource:///modules/sessionstore/SessionStore.jsm, line 6190: TypeError: aTab is undefined
JavaScript warning: https://d235vmrai5heq2.cloudfront.net/js/default/review.js?v=V3.1.60076, line 33: unreachable code after return statement
JavaScript warning: https://d235vmrai5heq2.cloudfront.net/js/default/review.js?v=V3.1.60076, line 33: unreachable code after return statement
JavaScript warning: https://d235vmrai5heq2.cloudfront.net/js/default/review.js?v=V3.1.60076, line 33: unreachable code after return statement
1626780115661	Marionette	INFO	Stopped listening on port 59344
1626780376426	mozrunner::runner	INFO	Running command: "C:\\Program Files\\Mozilla Firefox\\firefox.exe" "-marionette" "-foreground" "-no-remote" "-profile" "C:\\Users\\DCTHOF~1\\AppData\\Local\\Temp\\rust_mozprofilehgjz9L"
1626780379846	Marionette	INFO	Marionette enabled
JavaScript error: resource://gre/modules/XULStore.jsm, line 66: Error: Can't find profile directory.
console.warn: SearchSettings: "get: No settings file exists, new profile?" (new NotFoundError("Could not open the file at C:\\Users\\dcthofic07\\AppData\\Local\\Temp\\rust_mozprofilehgjz9L\\search.json.mozlz4", (void 0)))
1626780392206	Marionette	INFO	Listening on port 52602
1626780392591	Marionette	WARN	TLS certificate errors will be ignored for this session
JavaScript warning: https://d235vmrai5heq2.cloudfront.net/js/default/review.js?v=V3.1.60076, line 33: unreachable code after return statement
JavaScript warning: https://d235vmrai5heq2.cloudfront.net/js/default/review.js?v=V3.1.60076, line 33: unreachable code after return statement
JavaScript warning: https://d235vmrai5heq2.cloudfront.net/js/default/review.js?v=V3.1.60076, line 33: unreachable code after return statement
1626780426505	Marionette	INFO	Stopped listening on port 52602
1626781202160	mozrunner::runner	INFO	Running command: "C:\\Program Files\\Mozilla Firefox\\firefox.exe" "-marionette" "-foreground" "-no-remote" "-profile" "C:\\Users\\DCTHOF~1\\AppData\\Local\\Temp\\rust_mozprofilerI4dWM"
1626781203306	Marionette	INFO	Marionette enabled
JavaScript error: resource://gre/modules/XULStore.jsm, line 66: Error: Can't find profile directory.
console.warn: SearchSettings: "get: No settings file exists, new profile?" (new NotFoundError("Could not open the file at C:\\Users\\dcthofic07\\AppData\\Local\\Temp\\rust_mozprofilerI4dWM\\search.json.mozlz4", (void 0)))
1626781212372	Marionette	INFO	Listening on port 62823
1626781212704	Marionette	WARN	TLS certificate errors will be ignored for this session
JavaScript warning: https://d235vmrai5heq2.cloudfront.net/js/default/review.js?v=V3.1.60076, line 33: unreachable code after return statement
JavaScript warning: https://d235vmrai5heq2.cloudfront.net/js/default/review.js?v=V3.1.60076, line 33: unreachable code after return statement
JavaScript warning: https://d235vmrai5heq2.cloudfront.net/js/default/review.js?v=V3.1.60076, line 33: unreachable code after return statement
1626781244825	Marionette	INFO	Stopped listening on port 62823

###!!! [Child][RunMessage] Error: Channel closing: too late to send/recv, messages will be lost

1626781299226	mozrunner::runner	INFO	Running command: "C:\\Program Files\\Mozilla Firefox\\firefox.exe" "-marionette" "-foreground" "-no-remote" "-profile" "C:\\Users\\DCTHOF~1\\AppData\\Local\\Temp\\rust_mozprofilezA1ndR"
1626781300042	Marionette	INFO	Marionette enabled
JavaScript error: resource://gre/modules/XULStore.jsm, line 66: Error: Can't find profile directory.
console.warn: SearchSettings: "get: No settings file exists, new profile?" (new NotFoundError("Could not open the file at C:\\Users\\dcthofic07\\AppData\\Local\\Temp\\rust_mozprofilezA1ndR\\search.json.mozlz4", (void 0)))
1626781311284	Marionette	INFO	Listening on port 62963
1626781311405	Marionette	WARN	TLS certificate errors will be ignored for this session
JavaScript warning: https://d235vmrai5heq2.cloudfront.net/js/default/review.js?v=V3.1.60076, line 33: unreachable code after return statement
JavaScript warning: https://d235vmrai5heq2.cloudfront.net/js/default/review.js?v=V3.1.60076, line 33: unreachable code after return statement
JavaScript warning: https://d235vmrai5heq2.cloudfront.net/js/default/review.js?v=V3.1.60076, line 33: unreachable code after return statement
1626781338828	Marionette	INFO	Stopped listening on port 62963

###!!! [Child][RunMessage] Error: Channel closing: too late to send/recv, messages will be lost

1626781357226	mozrunner::runner	INFO	Running command: "C:\\Program Files\\Mozilla Firefox\\firefox.exe" "-marionette" "-foreground" "-no-remote" "-profile" "C:\\Users\\DCTHOF~1\\AppData\\Local\\Temp\\rust_mozprofilebrVZ7Z"
1626781358221	Marionette	INFO	Marionette enabled
JavaScript error: resource://gre/modules/XULStore.jsm, line 66: Error: Can't find profile directory.
console.warn: SearchSettings: "get: No settings file exists, new profile?" (new NotFoundError("Could not open the file at C:\\Users\\dcthofic07\\AppData\\Local\\Temp\\rust_mozprofilebrVZ7Z\\search.json.mozlz4", (void 0)))
1626781368975	Marionette	INFO	Listening on port 51901
console.error: Region.jsm: "Error fetching region" (new Error("TIMEOUT", "resource://gre/modules/Region.jsm", 772))
console.error: Region.jsm: "Failed to fetch region" (new Error("TIMEOUT", "resource://gre/modules/Region.jsm", 419))
1626781369978	Marionette	WARN	TLS certificate errors will be ignored for this session
JavaScript warning: https://d235vmrai5heq2.cloudfront.net/js/default/review.js?v=V3.1.60076, line 33: unreachable code after return statement
JavaScript warning: https://d235vmrai5heq2.cloudfront.net/js/default/review.js?v=V3.1.60076, line 33: unreachable code after return statement
JavaScript warning: https://d235vmrai5heq2.cloudfront.net/js/default/review.js?v=V3.1.60076, line 33: unreachable code after return statement
1626781395922	Marionette	INFO	Stopped listening on port 51901

###!!! [Child][RunMessage] Error: Channel closing: too late to send/recv, messages will be lost

1626781409059	mozrunner::runner	INFO	Running command: "C:\\Program Files\\Mozilla Firefox\\firefox.exe" "-marionette" "-foreground" "-no-remote" "-profile" "C:\\Users\\DCTHOF~1\\AppData\\Local\\Temp\\rust_mozprofilevjk1qO"
1626781409872	Marionette	INFO	Marionette enabled
JavaScript error: resource://gre/modules/XULStore.jsm, line 66: Error: Can't find profile directory.
console.warn: SearchSettings: "get: No settings file exists, new profile?" (new NotFoundError("Could not open the file at C:\\Users\\dcthofic07\\AppData\\Local\\Temp\\rust_mozprofilevjk1qO\\search.json.mozlz4", (void 0)))
1626781419039	Marionette	INFO	Listening on port 52016
1626781420256	Marionette	WARN	TLS certificate errors will be ignored for this session
JavaScript warning: https://d235vmrai5heq2.cloudfront.net/js/default/review.js?v=V3.1.60076, line 33: unreachable code after return statement
JavaScript warning: https://d235vmrai5heq2.cloudfront.net/js/default/review.js?v=V3.1.60076, line 33: unreachable code after return statement
JavaScript warning: https://d235vmrai5heq2.cloudfront.net/js/default/review.js?v=V3.1.60076, line 33: unreachable code after return statement
1626781444114	Marionette	INFO	Stopped listening on port 52016

###!!! [Parent][MessageChannel] Error: (msgtype=0x1F0011,name=PBackgroundStorage::Msg_Observe) Channel error: cannot send/recv


###!!! [Parent][MessageChannel] Error: (msgtype=0x1F0011,name=PBackgroundStorage::Msg_Observe) Channel error: cannot send/recv

1626783157221	mozrunner::runner	INFO	Running command: "C:\\Program Files\\Mozilla Firefox\\firefox.exe" "-marionette" "-foreground" "-no-remote" "-profile" "C:\\Users\\DCTHOF~1\\AppData\\Local\\Temp\\rust_mozprofileudeypN"
1626783165260	Marionette	INFO	Marionette enabled
JavaScript error: resource://gre/modules/XULStore.jsm, line 66: Error: Can't find profile directory.
console.warn: SearchSettings: "get: No settings file exists, new profile?" (new NotFoundError("Could not open the file at C:\\Users\\dcthofic07\\AppData\\Local\\Temp\\rust_mozprofileudeypN\\search.json.mozlz4", (void 0)))
console.error: Region.jsm: "Error fetching region" (new Error("TIMEOUT", "resource://gre/modules/Region.jsm", 772))
console.error: Region.jsm: "Failed to fetch region" (new Error("TIMEOUT", "resource://gre/modules/Region.jsm", 419))
console.error: "Could not write session state file " (new Error("_initWorker called too early! Please read the session file from disk first.", "resource:///modules/sessionstore/SessionFile.jsm", 375)) "_initWorker/<@resource:///modules/sessionstore/SessionFile.jsm:375:15\n_initWorker@resource:///modules/sessionstore/SessionFile.jsm:368:12\n_postToWorker@resource:///modules/sessionstore/SessionFile.jsm:410:16\nwrite@resource:///modules/sessionstore/SessionFile.jsm:448:24\nwrite@resource:///modules/sessionstore/SessionFile.jsm:75:32\n_writeState@resource:///modules/sessionstore/SessionSaver.jsm:367:24\n_saveState@resource:///modules/sessionstore/SessionSaver.jsm:301:17\n_saveStateAsync@resource:///modules/sessionstore/SessionSaver.jsm:351:10\nsaveStateAsyncWhenIdle@resource:///modules/sessionstore/SessionSaver.jsm:198:14\ncallback@resource://gre/modules/Timer.jsm:127:16\n"
1626783204674	Marionette	INFO	Listening on port 53049
1626783205565	Marionette	WARN	TLS certificate errors will be ignored for this session

###!!! [Child][RunMessage] Error: Channel closing: too late to send/recv, messages will be lost


###!!! [Child][RunMessage] Error: Channel closing: too late to send/recv, messages will be lost


###!!! [Child][RunMessage] Error: Channel closing: too late to send/recv, messages will be lost


###!!! [Child][RunMessage] Error: Channel closing: too late to send/recv, messages will be lost


###!!! [Child][RunMessage] Error: Channel closing: too late to send/recv, messages will be lost


###!!! [Child][RunMessage] Error: Channel closing: too late to send/recv, messages will be lost


###!!! [Child][RunMessage] Error: Channel closing: too late to send/recv, messages will be lost


###!!! [Child][RunMessage] Error: Channel closing: too late to send/recv, messages will be lost


###!!! [Child][RunMessage] Error: Channel closing: too late to send/recv, messages will be lost


###!!! [Child][RunMessage] Error: Channel closing: too late to send/recv, messages will be lost


###!!! [Child][RunMessage] Error: Channel closing: too late to send/recv, messages will be lost


###!!! [Child][RunMessage] Error: Channel closing: too late to send/recv, messages will be lost


###!!! [Child][RunMessage] Error: Channel closing: too late to send/recv, messages will be lost


###!!! [Child][RunMessage] Error: Channel closing: too late to send/recv, messages will be lost


###!!! [Child][RunMessage] Error: Channel closing: too late to send/recv, messages will be lost


###!!! [Child][RunMessage] Error: Channel closing: too late to send/recv, messages will be lost


###!!! [Child][RunMessage] Error: Channel closing: too late to send/recv, messages will be lost


###!!! [Child][RunMessage] Error: Channel closing: too late to send/recv, messages will be lost


###!!! [Child][RunMessage] Error: Channel closing: too late to send/recv, messages will be lost


###!!! [Child][RunMessage] Error: Channel closing: too late to send/recv, messages will be lost


###!!! [Child][RunMessage] Error: Channel closing: too late to send/recv, messages will be lost


###!!! [Child][RunMessage] Error: Channel closing: too late to send/recv, messages will be lost


###!!! [Child][RunMessage] Error: Channel closing: too late to send/recv, messages will be lost


###!!! [Child][RunMessage] Error: Channel closing: too late to send/recv, messages will be lost


###!!! [Child][RunMessage] Error: Channel closing: too late to send/recv, messages will be lost


###!!! [Child][RunMessage] Error: Channel closing: too late to send/recv, messages will be lost


###!!! [Child][RunMessage] Error: Channel closing: too late to send/recv, messages will be lost


###!!! [Child][RunMessage] Error: Channel closing: too late to send/recv, messages will be lost


###!!! [Child][RunMessage] Error: Channel closing: too late to send/recv, messages will be lost


###!!! [Child][RunMessage] Error: Channel closing: too late to send/recv, messages will be lost

JavaScript error: resource://gre/modules/UrlClassifierListManager.jsm, line 691: TypeError: this.tablesData[table] is undefined
1626783211423	Marionette	INFO	Stopped listening on port 53049
1626788774058	mozrunner::runner	INFO	Running command: "C:\\Program Files\\Mozilla Firefox\\firefox.exe" "-marionette" "-foreground" "-no-remote" "-profile" "C:\\Users\\DCTHOF~1\\AppData\\Local\\Temp\\rust_mozprofileQpscPt"
1626788775116	Marionette	INFO	Marionette enabled
JavaScript error: resource://gre/modules/XULStore.jsm, line 66: Error: Can't find profile directory.
console.warn: SearchSettings: "get: No settings file exists, new profile?" (new NotFoundError("Could not open the file at C:\\Users\\dcthofic07\\AppData\\Local\\Temp\\rust_mozprofileQpscPt\\search.json.mozlz4", (void 0)))
1626788793559	Marionette	INFO	Listening on port 57974
1626788794352	Marionette	WARN	TLS certificate errors will be ignored for this session
JavaScript warning: https://d235vmrai5heq2.cloudfront.net/js/default/review.js?v=V3.1.60076, line 33: unreachable code after return statement
JavaScript warning: https://d235vmrai5heq2.cloudfront.net/js/default/review.js?v=V3.1.60076, line 33: unreachable code after return statement
JavaScript warning: https://d235vmrai5heq2.cloudfront.net/js/default/review.js?v=V3.1.60076, line 33: unreachable code after return statement
1626788817372	Marionette	INFO	Stopped listening on port 57974
[Parent 3676, IPC I/O Parent] WARNING: file /builds/worker/checkouts/gecko/ipc/chromium/src/base/process_util_win.cc:167
1626788874887	mozrunner::runner	INFO	Running command: "C:\\Program Files\\Mozilla Firefox\\firefox.exe" "-marionette" "-foreground" "-no-remote" "-profile" "C:\\Users\\DCTHOF~1\\AppData\\Local\\Temp\\rust_mozprofileG18b1I"
1626788876640	Marionette	INFO	Marionette enabled
JavaScript error: resource://gre/modules/XULStore.jsm, line 66: Error: Can't find profile directory.
console.warn: SearchSettings: "get: No settings file exists, new profile?" (new NotFoundError("Could not open the file at C:\\Users\\dcthofic07\\AppData\\Local\\Temp\\rust_mozprofileG18b1I\\search.json.mozlz4", (void 0)))
1626788886077	Marionette	INFO	Listening on port 56557
1626788886549	Marionette	WARN	TLS certificate errors will be ignored for this session
JavaScript warning: https://d235vmrai5heq2.cloudfront.net/js/default/review.js?v=V3.1.60076, line 33: unreachable code after return statement
JavaScript warning: https://d235vmrai5heq2.cloudfront.net/js/default/review.js?v=V3.1.60076, line 33: unreachable code after return statement
JavaScript warning: https://d235vmrai5heq2.cloudfront.net/js/default/review.js?v=V3.1.60076, line 33: unreachable code after return statement
1626788923181	Marionette	INFO	Stopped listening on port 56557

###!!! [Child][RunMessage] Error: Channel closing: too late to send/recv, messages will be lost

1626790008885	mozrunner::runner	INFO	Running command: "C:\\Program Files\\Mozilla Firefox\\firefox.exe" "-marionette" "-foreground" "-no-remote" "-profile" "C:\\Users\\DCTHOF~1\\AppData\\Local\\Temp\\rust_mozprofileh08dmA"
1626790020048	Marionette	INFO	Marionette enabled
JavaScript error: resource://gre/modules/XULStore.jsm, line 66: Error: Can't find profile directory.
console.warn: SearchSettings: "get: No settings file exists, new profile?" (new NotFoundError("Could not open the file at C:\\Users\\dcthofic07\\AppData\\Local\\Temp\\rust_mozprofileh08dmA\\search.json.mozlz4", (void 0)))
1626790055483	Marionette	INFO	Listening on port 60000
1626790056266	Marionette	WARN	TLS certificate errors will be ignored for this session
JavaScript warning: https://d235vmrai5heq2.cloudfront.net/js/default/review.js?v=V3.1.60076, line 33: unreachable code after return statement
JavaScript warning: https://d235vmrai5heq2.cloudfront.net/js/default/review.js?v=V3.1.60076, line 33: unreachable code after return statement
JavaScript warning: https://d235vmrai5heq2.cloudfront.net/js/default/review.js?v=V3.1.60076, line 33: unreachable code after return statement
1626790093030	Marionette	INFO	Stopped listening on port 60000
1626792069299	mozrunner::runner	INFO	Running command: "C:\\Program Files\\Mozilla Firefox\\firefox.exe" "-marionette" "-foreground" "-no-remote" "-profile" "C:\\Users\\DCTHOF~1\\AppData\\Local\\Temp\\rust_mozprofile8dMi71"
1626792071452	Marionette	INFO	Marionette enabled
JavaScript error: resource://gre/modules/XULStore.jsm, line 66: Error: Can't find profile directory.
console.warn: SearchSettings: "get: No settings file exists, new profile?" (new NotFoundError("Could not open the file at C:\\Users\\dcthofic07\\AppData\\Local\\Temp\\rust_mozprofile8dMi71\\search.json.mozlz4", (void 0)))
1626792080725	Marionette	INFO	Listening on port 52858
1626792081223	Marionette	WARN	TLS certificate errors will be ignored for this session
JavaScript warning: https://d235vmrai5heq2.cloudfront.net/js/default/review.js?v=V3.1.60076, line 33: unreachable code after return statement
JavaScript warning: https://d235vmrai5heq2.cloudfront.net/js/default/review.js?v=V3.1.60076, line 33: unreachable code after return statement
JavaScript warning: https://d235vmrai5heq2.cloudfront.net/js/default/review.js?v=V3.1.60076, line 33: unreachable code after return statement
1626792116664	Marionette	INFO	Stopped listening on port 52858
[Parent 12372, IPC I/O Parent] WARNING: file /builds/worker/checkouts/gecko/ipc/chromium/src/base/process_util_win.cc:167
1626793277855	mozrunner::runner	INFO	Running command: "C:\\Program Files\\Mozilla Firefox\\firefox.exe" "-marionette" "-foreground" "-no-remote" "-profile" "C:\\Users\\DCTHOF~1\\AppData\\Local\\Temp\\rust_mozprofilematybO"
1626793279568	Marionette	INFO	Marionette enabled
JavaScript error: resource://gre/modules/XULStore.jsm, line 66: Error: Can't find profile directory.
console.warn: SearchSettings: "get: No settings file exists, new profile?" (new NotFoundError("Could not open the file at C:\\Users\\dcthofic07\\AppData\\Local\\Temp\\rust_mozprofilematybO\\search.json.mozlz4", (void 0)))
1626793287715	Marionette	INFO	Listening on port 52630
1626793288233	Marionette	WARN	TLS certificate errors will be ignored for this session
JavaScript warning: https://d235vmrai5heq2.cloudfront.net/js/default/review.js?v=V3.1.60076, line 33: unreachable code after return statement
JavaScript warning: https://d235vmrai5heq2.cloudfront.net/js/default/review.js?v=V3.1.60076, line 33: unreachable code after return statement
JavaScript warning: https://d235vmrai5heq2.cloudfront.net/js/default/review.js?v=V3.1.60076, line 33: unreachable code after return statement
1626793322673	Marionette	INFO	Stopped listening on port 52630
1626880495985	mozrunner::runner	INFO	Running command: "C:\\Program Files\\Mozilla Firefox\\firefox.exe" "-marionette" "-foreground" "-no-remote" "-profile" "C:\\Users\\DCTHOF~1\\AppData\\Local\\Temp\\rust_mozprofileUTViHP"
1626880503774	Marionette	INFO	Marionette enabled
JavaScript error: resource://gre/modules/XULStore.jsm, line 66: Error: Can't find profile directory.
console.warn: SearchSettings: "get: No settings file exists, new profile?" (new NotFoundError("Could not open the file at C:\\Users\\dcthofic07\\AppData\\Local\\Temp\\rust_mozprofileUTViHP\\search.json.mozlz4", (void 0)))
1626880528166	Marionette	INFO	Listening on port 55711
1626880529497	Marionette	WARN	TLS certificate errors will be ignored for this session
JavaScript warning: https://d235vmrai5heq2.cloudfront.net/js/default/review.js?v=V3.1.60076, line 33: unreachable code after return statement
JavaScript warning: https://d235vmrai5heq2.cloudfront.net/js/default/review.js?v=V3.1.60076, line 33: unreachable code after return statement
JavaScript warning: https://d235vmrai5heq2.cloudfront.net/js/default/review.js?v=V3.1.60076, line 33: unreachable code after return statement
1626880562996	Marionette	INFO	Stopped listening on port 55711
*** UTM:SVC TimerManager:registerTimer called after profile-before-change notification. Ignoring timer registration for id: telemetry_modules_ping
*** UTM:SVC TimerManager:registerTimer called after profile-before-change notification. Ignoring timer registration for id: telemetry_untrustedmodules_ping
